[2026-06-16 13:20:03] Starting subprocess-based zero-downtime proof simulator with client failover retry...
[2026-06-16 13:20:03] Entering main simulation loop. Press Ctrl+C to stop.
[2026-06-16 13:20:09] Progress: Ops=200 | Reads=100 (Fails=0) | Writes=100 (Fails=0) | Success Rate=100.00% | Elapsed=6.2s
[2026-06-16 13:20:16] Progress: Ops=400 | Reads=200 (Fails=0) | Writes=200 (Fails=0) | Success Rate=100.00% | Elapsed=12.5s
[2026-06-16 13:20:22] Progress: Ops=600 | Reads=300 (Fails=0) | Writes=300 (Fails=0) | Success Rate=100.00% | Elapsed=18.7s
[2026-06-16 13:20:28] Progress: Ops=800 | Reads=400 (Fails=0) | Writes=400 (Fails=0) | Success Rate=100.00% | Elapsed=25.0s
[2026-06-16 13:20:34] Progress: Ops=1000 | Reads=500 (Fails=0) | Writes=500 (Fails=0) | Success Rate=100.00% | Elapsed=31.2s
[2026-06-16 13:20:40] Progress: Ops=1200 | Reads=600 (Fails=0) | Writes=600 (Fails=0) | Success Rate=100.00% | Elapsed=37.1s
[2026-06-16 13:20:46] Progress: Ops=1400 | Reads=700 (Fails=0) | Writes=700 (Fails=0) | Success Rate=100.00% | Elapsed=43.3s
[2026-06-16 13:20:53] Progress: Ops=1600 | Reads=800 (Fails=0) | Writes=800 (Fails=0) | Success Rate=100.00% | Elapsed=49.5s
[2026-06-16 13:20:59] Progress: Ops=1800 | Reads=900 (Fails=0) | Writes=900 (Fails=0) | Success Rate=100.00% | Elapsed=55.7s
[2026-06-16 13:21:05] Progress: Ops=2000 | Reads=1000 (Fails=0) | Writes=1000 (Fails=0) | Success Rate=100.00% | Elapsed=61.9s
[2026-06-16 13:21:11] Progress: Ops=2200 | Reads=1100 (Fails=0) | Writes=1100 (Fails=0) | Success Rate=100.00% | Elapsed=68.1s
[2026-06-16 13:21:18] Progress: Ops=2400 | Reads=1200 (Fails=0) | Writes=1200 (Fails=0) | Success Rate=100.00% | Elapsed=74.8s
[2026-06-16 13:21:24] Progress: Ops=2600 | Reads=1300 (Fails=0) | Writes=1300 (Fails=0) | Success Rate=100.00% | Elapsed=80.9s
[2026-06-16 13:21:30] Progress: Ops=2800 | Reads=1400 (Fails=0) | Writes=1400 (Fails=0) | Success Rate=100.00% | Elapsed=87.2s
[2026-06-16 13:21:37] Progress: Ops=3000 | Reads=1500 (Fails=0) | Writes=1500 (Fails=0) | Success Rate=100.00% | Elapsed=94.3s
[2026-06-16 13:21:44] Progress: Ops=3200 | Reads=1600 (Fails=0) | Writes=1600 (Fails=0) | Success Rate=100.00% | Elapsed=100.8s
[2026-06-16 13:21:51] Progress: Ops=3400 | Reads=1700 (Fails=0) | Writes=1700 (Fails=0) | Success Rate=100.00% | Elapsed=107.4s
[2026-06-16 13:21:57] Progress: Ops=3600 | Reads=1800 (Fails=0) | Writes=1800 (Fails=0) | Success Rate=100.00% | Elapsed=114.1s
[2026-06-16 13:22:04] Progress: Ops=3800 | Reads=1900 (Fails=0) | Writes=1900 (Fails=0) | Success Rate=100.00% | Elapsed=120.6s
[2026-06-16 13:22:10] Progress: Ops=4000 | Reads=2000 (Fails=0) | Writes=2000 (Fails=0) | Success Rate=100.00% | Elapsed=127.2s
[2026-06-16 13:22:17] Progress: Ops=4200 | Reads=2100 (Fails=0) | Writes=2100 (Fails=0) | Success Rate=100.00% | Elapsed=133.6s
[2026-06-16 13:22:23] Progress: Ops=4400 | Reads=2200 (Fails=0) | Writes=2200 (Fails=0) | Success Rate=100.00% | Elapsed=140.0s
[2026-06-16 13:22:29] Progress: Ops=4600 | Reads=2300 (Fails=0) | Writes=2300 (Fails=0) | Success Rate=100.00% | Elapsed=146.2s
[2026-06-16 13:22:36] Progress: Ops=4800 | Reads=2400 (Fails=0) | Writes=2400 (Fails=0) | Success Rate=100.00% | Elapsed=152.5s
[2026-06-16 13:22:42] Progress: Ops=5000 | Reads=2500 (Fails=0) | Writes=2500 (Fails=0) | Success Rate=100.00% | Elapsed=158.8s
[2026-06-16 13:22:48] Progress: Ops=5200 | Reads=2600 (Fails=0) | Writes=2600 (Fails=0) | Success Rate=100.00% | Elapsed=165.0s
[2026-06-16 13:22:54] Progress: Ops=5400 | Reads=2700 (Fails=0) | Writes=2700 (Fails=0) | Success Rate=100.00% | Elapsed=171.3s
[2026-06-16 13:23:01] Progress: Ops=5600 | Reads=2800 (Fails=0) | Writes=2800 (Fails=0) | Success Rate=100.00% | Elapsed=177.5s
[2026-06-16 13:23:07] Progress: Ops=5800 | Reads=2900 (Fails=0) | Writes=2900 (Fails=0) | Success Rate=100.00% | Elapsed=183.8s
[2026-06-16 13:23:13] Progress: Ops=6000 | Reads=3000 (Fails=0) | Writes=3000 (Fails=0) | Success Rate=100.00% | Elapsed=190.0s
[2026-06-16 13:23:19] Progress: Ops=6200 | Reads=3100 (Fails=0) | Writes=3100 (Fails=0) | Success Rate=100.00% | Elapsed=196.2s
[2026-06-16 13:23:26] Progress: Ops=6400 | Reads=3200 (Fails=0) | Writes=3200 (Fails=0) | Success Rate=100.00% | Elapsed=202.5s
[2026-06-16 13:23:32] Progress: Ops=6600 | Reads=3300 (Fails=0) | Writes=3300 (Fails=0) | Success Rate=100.00% | Elapsed=208.7s
[2026-06-16 13:23:38] Progress: Ops=6800 | Reads=3400 (Fails=0) | Writes=3400 (Fails=0) | Success Rate=100.00% | Elapsed=214.9s
[2026-06-16 13:23:44] Progress: Ops=7000 | Reads=3500 (Fails=0) | Writes=3500 (Fails=0) | Success Rate=100.00% | Elapsed=221.0s
[2026-06-16 13:23:50] Progress: Ops=7200 | Reads=3600 (Fails=0) | Writes=3600 (Fails=0) | Success Rate=100.00% | Elapsed=227.1s
[2026-06-16 13:23:57] Progress: Ops=7400 | Reads=3700 (Fails=0) | Writes=3700 (Fails=0) | Success Rate=100.00% | Elapsed=233.4s
[2026-06-16 13:24:03] Progress: Ops=7600 | Reads=3800 (Fails=0) | Writes=3800 (Fails=0) | Success Rate=100.00% | Elapsed=239.6s
[2026-06-16 13:24:09] Progress: Ops=7800 | Reads=3900 (Fails=0) | Writes=3900 (Fails=0) | Success Rate=100.00% | Elapsed=245.7s
[2026-06-16 13:24:15] Progress: Ops=8000 | Reads=4000 (Fails=0) | Writes=4000 (Fails=0) | Success Rate=100.00% | Elapsed=252.0s
[2026-06-16 13:24:21] Progress: Ops=8200 | Reads=4100 (Fails=0) | Writes=4100 (Fails=0) | Success Rate=100.00% | Elapsed=258.2s
[2026-06-16 13:24:28] Progress: Ops=8400 | Reads=4200 (Fails=0) | Writes=4200 (Fails=0) | Success Rate=100.00% | Elapsed=264.4s
[2026-06-16 13:24:34] Progress: Ops=8600 | Reads=4300 (Fails=0) | Writes=4300 (Fails=0) | Success Rate=100.00% | Elapsed=271.0s
[2026-06-16 13:24:40] Progress: Ops=8800 | Reads=4400 (Fails=0) | Writes=4400 (Fails=0) | Success Rate=100.00% | Elapsed=277.0s
[2026-06-16 13:24:47] Progress: Ops=9000 | Reads=4500 (Fails=0) | Writes=4500 (Fails=0) | Success Rate=100.00% | Elapsed=283.6s
[2026-06-16 13:24:53] Progress: Ops=9200 | Reads=4600 (Fails=0) | Writes=4600 (Fails=0) | Success Rate=100.00% | Elapsed=290.4s
[2026-06-16 13:25:00] Progress: Ops=9400 | Reads=4700 (Fails=0) | Writes=4700 (Fails=0) | Success Rate=100.00% | Elapsed=296.8s
[2026-06-16 13:25:07] Progress: Ops=9600 | Reads=4800 (Fails=0) | Writes=4800 (Fails=0) | Success Rate=100.00% | Elapsed=303.4s
[2026-06-16 13:25:13] Progress: Ops=9800 | Reads=4900 (Fails=0) | Writes=4900 (Fails=0) | Success Rate=100.00% | Elapsed=310.1s
[2026-06-16 13:25:20] Progress: Ops=10000 | Reads=5000 (Fails=0) | Writes=5000 (Fails=0) | Success Rate=100.00% | Elapsed=316.6s
[2026-06-16 13:25:26] Progress: Ops=10200 | Reads=5100 (Fails=0) | Writes=5100 (Fails=0) | Success Rate=100.00% | Elapsed=323.2s
[2026-06-16 13:25:33] Progress: Ops=10400 | Reads=5200 (Fails=0) | Writes=5200 (Fails=0) | Success Rate=100.00% | Elapsed=329.7s
[2026-06-16 13:25:39] Progress: Ops=10600 | Reads=5300 (Fails=0) | Writes=5300 (Fails=0) | Success Rate=100.00% | Elapsed=336.0s
[2026-06-16 13:25:45] Progress: Ops=10800 | Reads=5400 (Fails=0) | Writes=5400 (Fails=0) | Success Rate=100.00% | Elapsed=342.3s
[2026-06-16 13:25:52] Progress: Ops=11000 | Reads=5500 (Fails=0) | Writes=5500 (Fails=0) | Success Rate=100.00% | Elapsed=348.6s
[2026-06-16 13:25:58] Progress: Ops=11200 | Reads=5600 (Fails=0) | Writes=5600 (Fails=0) | Success Rate=100.00% | Elapsed=354.8s
[2026-06-16 13:26:04] Progress: Ops=11400 | Reads=5700 (Fails=0) | Writes=5700 (Fails=0) | Success Rate=100.00% | Elapsed=361.4s
[2026-06-16 13:26:11] Progress: Ops=11600 | Reads=5800 (Fails=0) | Writes=5800 (Fails=0) | Success Rate=100.00% | Elapsed=367.7s
[2026-06-16 13:26:17] Progress: Ops=11800 | Reads=5900 (Fails=0) | Writes=5900 (Fails=0) | Success Rate=100.00% | Elapsed=373.9s
[2026-06-16 13:26:23] Progress: Ops=12000 | Reads=6000 (Fails=0) | Writes=6000 (Fails=0) | Success Rate=100.00% | Elapsed=380.2s
[2026-06-16 13:26:30] Progress: Ops=12200 | Reads=6100 (Fails=0) | Writes=6100 (Fails=0) | Success Rate=100.00% | Elapsed=386.5s
[2026-06-16 13:26:36] Progress: Ops=12400 | Reads=6200 (Fails=0) | Writes=6200 (Fails=0) | Success Rate=100.00% | Elapsed=392.7s
[2026-06-16 13:26:42] Progress: Ops=12600 | Reads=6300 (Fails=0) | Writes=6300 (Fails=0) | Success Rate=100.00% | Elapsed=398.9s
[2026-06-16 13:26:48] Progress: Ops=12800 | Reads=6400 (Fails=0) | Writes=6400 (Fails=0) | Success Rate=100.00% | Elapsed=405.2s
[2026-06-16 13:26:55] Progress: Ops=13000 | Reads=6500 (Fails=0) | Writes=6500 (Fails=0) | Success Rate=100.00% | Elapsed=411.4s
[2026-06-16 13:27:01] Progress: Ops=13200 | Reads=6600 (Fails=0) | Writes=6600 (Fails=0) | Success Rate=100.00% | Elapsed=417.6s
[2026-06-16 13:27:07] Progress: Ops=13400 | Reads=6700 (Fails=0) | Writes=6700 (Fails=0) | Success Rate=100.00% | Elapsed=423.7s
[2026-06-16 13:27:13] Progress: Ops=13600 | Reads=6800 (Fails=0) | Writes=6800 (Fails=0) | Success Rate=100.00% | Elapsed=430.0s
[2026-06-16 13:27:19] Progress: Ops=13800 | Reads=6900 (Fails=0) | Writes=6900 (Fails=0) | Success Rate=100.00% | Elapsed=436.3s
[2026-06-16 13:27:26] Progress: Ops=14000 | Reads=7000 (Fails=0) | Writes=7000 (Fails=0) | Success Rate=100.00% | Elapsed=442.4s
[2026-06-16 13:27:32] Progress: Ops=14200 | Reads=7100 (Fails=0) | Writes=7100 (Fails=0) | Success Rate=100.00% | Elapsed=448.6s
[2026-06-16 13:27:38] Progress: Ops=14400 | Reads=7200 (Fails=0) | Writes=7200 (Fails=0) | Success Rate=100.00% | Elapsed=454.8s
[2026-06-16 13:27:44] Progress: Ops=14600 | Reads=7300 (Fails=0) | Writes=7300 (Fails=0) | Success Rate=100.00% | Elapsed=460.9s
[2026-06-16 13:27:51] Progress: Ops=14800 | Reads=7400 (Fails=0) | Writes=7400 (Fails=0) | Success Rate=100.00% | Elapsed=467.5s
[2026-06-16 13:27:57] Progress: Ops=15000 | Reads=7500 (Fails=0) | Writes=7500 (Fails=0) | Success Rate=100.00% | Elapsed=473.5s
[2026-06-16 13:28:03] Progress: Ops=15200 | Reads=7600 (Fails=0) | Writes=7600 (Fails=0) | Success Rate=100.00% | Elapsed=480.0s
[2026-06-16 13:28:10] Progress: Ops=15400 | Reads=7700 (Fails=0) | Writes=7700 (Fails=0) | Success Rate=100.00% | Elapsed=486.8s
[2026-06-16 13:28:16] Progress: Ops=15600 | Reads=7800 (Fails=0) | Writes=7800 (Fails=0) | Success Rate=100.00% | Elapsed=493.3s
[2026-06-16 13:28:23] Progress: Ops=15800 | Reads=7900 (Fails=0) | Writes=7900 (Fails=0) | Success Rate=100.00% | Elapsed=500.0s
[2026-06-16 13:28:30] Progress: Ops=16000 | Reads=8000 (Fails=0) | Writes=8000 (Fails=0) | Success Rate=100.00% | Elapsed=506.7s
[2026-06-16 13:28:36] Progress: Ops=16200 | Reads=8100 (Fails=0) | Writes=8100 (Fails=0) | Success Rate=100.00% | Elapsed=513.2s
[2026-06-16 13:28:43] Progress: Ops=16400 | Reads=8200 (Fails=0) | Writes=8200 (Fails=0) | Success Rate=100.00% | Elapsed=520.0s
[2026-06-16 13:28:50] Progress: Ops=16600 | Reads=8300 (Fails=0) | Writes=8300 (Fails=0) | Success Rate=100.00% | Elapsed=526.4s
[2026-06-16 13:28:56] Progress: Ops=16800 | Reads=8400 (Fails=0) | Writes=8400 (Fails=0) | Success Rate=100.00% | Elapsed=532.7s
[2026-06-16 13:29:02] Progress: Ops=17000 | Reads=8500 (Fails=0) | Writes=8500 (Fails=0) | Success Rate=100.00% | Elapsed=539.0s
[2026-06-16 13:29:08] Progress: Ops=17200 | Reads=8600 (Fails=0) | Writes=8600 (Fails=0) | Success Rate=100.00% | Elapsed=545.2s
[2026-06-16 13:29:15] Progress: Ops=17400 | Reads=8700 (Fails=0) | Writes=8700 (Fails=0) | Success Rate=100.00% | Elapsed=551.5s
[2026-06-16 13:29:21] Progress: Ops=17600 | Reads=8800 (Fails=0) | Writes=8800 (Fails=0) | Success Rate=100.00% | Elapsed=557.7s
[2026-06-16 13:29:27] Progress: Ops=17800 | Reads=8900 (Fails=0) | Writes=8900 (Fails=0) | Success Rate=100.00% | Elapsed=563.9s
[2026-06-16 13:29:33] Progress: Ops=18000 | Reads=9000 (Fails=0) | Writes=9000 (Fails=0) | Success Rate=100.00% | Elapsed=570.2s
[2026-06-16 13:29:40] Progress: Ops=18200 | Reads=9100 (Fails=0) | Writes=9100 (Fails=0) | Success Rate=100.00% | Elapsed=576.4s
[2026-06-16 13:29:46] Progress: Ops=18400 | Reads=9200 (Fails=0) | Writes=9200 (Fails=0) | Success Rate=100.00% | Elapsed=582.7s
[2026-06-16 13:29:52] Progress: Ops=18600 | Reads=9300 (Fails=0) | Writes=9300 (Fails=0) | Success Rate=100.00% | Elapsed=588.9s
[2026-06-16 13:29:58] Progress: Ops=18800 | Reads=9400 (Fails=0) | Writes=9400 (Fails=0) | Success Rate=100.00% | Elapsed=595.2s
[2026-06-16 13:30:05] Progress: Ops=19000 | Reads=9500 (Fails=0) | Writes=9500 (Fails=0) | Success Rate=100.00% | Elapsed=601.4s
[2026-06-16 13:30:11] Progress: Ops=19200 | Reads=9600 (Fails=0) | Writes=9600 (Fails=0) | Success Rate=100.00% | Elapsed=607.6s
[2026-06-16 13:30:17] Progress: Ops=19400 | Reads=9700 (Fails=0) | Writes=9700 (Fails=0) | Success Rate=100.00% | Elapsed=613.7s
[2026-06-16 13:30:23] Progress: Ops=19600 | Reads=9800 (Fails=0) | Writes=9800 (Fails=0) | Success Rate=100.00% | Elapsed=619.8s
[2026-06-16 13:30:29] Progress: Ops=19800 | Reads=9900 (Fails=0) | Writes=9900 (Fails=0) | Success Rate=100.00% | Elapsed=626.0s
[2026-06-16 13:30:35] Progress: Ops=20000 | Reads=10000 (Fails=0) | Writes=10000 (Fails=0) | Success Rate=100.00% | Elapsed=632.2s
[2026-06-16 13:30:41] Progress: Ops=20200 | Reads=10100 (Fails=0) | Writes=10100 (Fails=0) | Success Rate=100.00% | Elapsed=638.3s
[2026-06-16 13:30:48] Progress: Ops=20400 | Reads=10200 (Fails=0) | Writes=10200 (Fails=0) | Success Rate=100.00% | Elapsed=644.5s
[2026-06-16 13:30:54] Progress: Ops=20600 | Reads=10300 (Fails=0) | Writes=10300 (Fails=0) | Success Rate=100.00% | Elapsed=650.7s
[2026-06-16 13:31:00] Progress: Ops=20800 | Reads=10400 (Fails=0) | Writes=10400 (Fails=0) | Success Rate=100.00% | Elapsed=656.8s
[2026-06-16 13:31:07] Progress: Ops=21000 | Reads=10500 (Fails=0) | Writes=10500 (Fails=0) | Success Rate=100.00% | Elapsed=663.9s
[2026-06-16 13:31:13] Progress: Ops=21200 | Reads=10600 (Fails=0) | Writes=10600 (Fails=0) | Success Rate=100.00% | Elapsed=670.0s
[2026-06-16 13:31:20] Progress: Ops=21400 | Reads=10700 (Fails=0) | Writes=10700 (Fails=0) | Success Rate=100.00% | Elapsed=676.4s
[2026-06-16 13:31:26] Progress: Ops=21600 | Reads=10800 (Fails=0) | Writes=10800 (Fails=0) | Success Rate=100.00% | Elapsed=683.1s
[2026-06-16 13:31:33] Progress: Ops=21800 | Reads=10900 (Fails=0) | Writes=10900 (Fails=0) | Success Rate=100.00% | Elapsed=689.8s
[2026-06-16 13:31:40] Progress: Ops=22000 | Reads=11000 (Fails=0) | Writes=11000 (Fails=0) | Success Rate=100.00% | Elapsed=696.4s
[2026-06-16 13:31:46] Progress: Ops=22200 | Reads=11100 (Fails=0) | Writes=11100 (Fails=0) | Success Rate=100.00% | Elapsed=703.2s
[2026-06-16 13:31:53] Progress: Ops=22400 | Reads=11200 (Fails=0) | Writes=11200 (Fails=0) | Success Rate=100.00% | Elapsed=709.5s
[2026-06-16 13:31:59] Progress: Ops=22600 | Reads=11300 (Fails=0) | Writes=11300 (Fails=0) | Success Rate=100.00% | Elapsed=716.2s
[2026-06-16 13:32:06] Progress: Ops=22800 | Reads=11400 (Fails=0) | Writes=11400 (Fails=0) | Success Rate=100.00% | Elapsed=722.6s
[2026-06-16 13:32:12] Progress: Ops=23000 | Reads=11500 (Fails=0) | Writes=11500 (Fails=0) | Success Rate=100.00% | Elapsed=728.9s
[2026-06-16 13:32:18] Progress: Ops=23200 | Reads=11600 (Fails=0) | Writes=11600 (Fails=0) | Success Rate=100.00% | Elapsed=735.2s
[2026-06-16 13:32:25] Progress: Ops=23400 | Reads=11700 (Fails=0) | Writes=11700 (Fails=0) | Success Rate=100.00% | Elapsed=741.4s
[2026-06-16 13:32:31] Progress: Ops=23600 | Reads=11800 (Fails=0) | Writes=11800 (Fails=0) | Success Rate=100.00% | Elapsed=747.6s
[2026-06-16 13:32:37] Progress: Ops=23800 | Reads=11900 (Fails=0) | Writes=11900 (Fails=0) | Success Rate=100.00% | Elapsed=753.9s
[2026-06-16 13:32:43] Progress: Ops=24000 | Reads=12000 (Fails=0) | Writes=12000 (Fails=0) | Success Rate=100.00% | Elapsed=760.1s
[2026-06-16 13:32:49] Progress: Ops=24200 | Reads=12100 (Fails=0) | Writes=12100 (Fails=0) | Success Rate=100.00% | Elapsed=766.3s
[2026-06-16 13:32:56] Progress: Ops=24400 | Reads=12200 (Fails=0) | Writes=12200 (Fails=0) | Success Rate=100.00% | Elapsed=772.6s
[2026-06-16 13:33:02] Progress: Ops=24600 | Reads=12300 (Fails=0) | Writes=12300 (Fails=0) | Success Rate=100.00% | Elapsed=778.8s
[2026-06-16 13:33:08] Progress: Ops=24800 | Reads=12400 (Fails=0) | Writes=12400 (Fails=0) | Success Rate=100.00% | Elapsed=785.0s
[2026-06-16 13:33:14] Progress: Ops=25000 | Reads=12500 (Fails=0) | Writes=12500 (Fails=0) | Success Rate=100.00% | Elapsed=791.2s
[2026-06-16 13:33:21] Progress: Ops=25200 | Reads=12600 (Fails=0) | Writes=12600 (Fails=0) | Success Rate=100.00% | Elapsed=797.5s
[2026-06-16 13:33:27] Progress: Ops=25400 | Reads=12700 (Fails=0) | Writes=12700 (Fails=0) | Success Rate=100.00% | Elapsed=803.7s
[2026-06-16 13:33:33] Progress: Ops=25600 | Reads=12800 (Fails=0) | Writes=12800 (Fails=0) | Success Rate=100.00% | Elapsed=809.9s
[2026-06-16 13:33:39] Progress: Ops=25800 | Reads=12900 (Fails=0) | Writes=12900 (Fails=0) | Success Rate=100.00% | Elapsed=816.0s
[2026-06-16 13:33:45] Progress: Ops=26000 | Reads=13000 (Fails=0) | Writes=13000 (Fails=0) | Success Rate=100.00% | Elapsed=822.3s
[2026-06-16 13:33:52] Progress: Ops=26200 | Reads=13100 (Fails=0) | Writes=13100 (Fails=0) | Success Rate=100.00% | Elapsed=828.6s
[2026-06-16 13:33:59] Progress: Ops=26400 | Reads=13200 (Fails=0) | Writes=13200 (Fails=0) | Success Rate=100.00% | Elapsed=835.7s
[2026-06-16 13:34:06] Progress: Ops=26600 | Reads=13300 (Fails=0) | Writes=13300 (Fails=0) | Success Rate=100.00% | Elapsed=842.8s
[2026-06-16 13:34:13] Progress: Ops=26800 | Reads=13400 (Fails=0) | Writes=13400 (Fails=0) | Success Rate=100.00% | Elapsed=849.8s
[2026-06-16 13:34:21] Progress: Ops=27000 | Reads=13500 (Fails=0) | Writes=13500 (Fails=0) | Success Rate=100.00% | Elapsed=858.4s
[2026-06-16 13:34:28] Progress: Ops=27200 | Reads=13600 (Fails=0) | Writes=13600 (Fails=0) | Success Rate=100.00% | Elapsed=865.3s
[2026-06-16 13:34:38] Progress: Ops=27400 | Reads=13700 (Fails=0) | Writes=13700 (Fails=0) | Success Rate=100.00% | Elapsed=874.5s
[2026-06-16 13:34:47] Progress: Ops=27600 | Reads=13800 (Fails=0) | Writes=13800 (Fails=0) | Success Rate=100.00% | Elapsed=884.0s
[2026-06-16 13:34:56] Progress: Ops=27800 | Reads=13900 (Fails=0) | Writes=13900 (Fails=0) | Success Rate=100.00% | Elapsed=893.0s
[2026-06-16 13:35:06] Progress: Ops=28000 | Reads=14000 (Fails=0) | Writes=14000 (Fails=0) | Success Rate=100.00% | Elapsed=902.7s
[2026-06-16 13:35:14] Progress: Ops=28200 | Reads=14100 (Fails=0) | Writes=14100 (Fails=0) | Success Rate=100.00% | Elapsed=911.1s
[2026-06-16 13:35:22] Progress: Ops=28400 | Reads=14200 (Fails=0) | Writes=14200 (Fails=0) | Success Rate=100.00% | Elapsed=918.8s
[2026-06-16 13:35:29] Progress: Ops=28600 | Reads=14300 (Fails=0) | Writes=14300 (Fails=0) | Success Rate=100.00% | Elapsed=926.1s
[2026-06-16 13:35:37] Progress: Ops=28800 | Reads=14400 (Fails=0) | Writes=14400 (Fails=0) | Success Rate=100.00% | Elapsed=933.9s
[2026-06-16 13:35:44] Progress: Ops=29000 | Reads=14500 (Fails=0) | Writes=14500 (Fails=0) | Success Rate=100.00% | Elapsed=941.1s
[2026-06-16 13:35:51] Progress: Ops=29200 | Reads=14600 (Fails=0) | Writes=14600 (Fails=0) | Success Rate=100.00% | Elapsed=948.2s
[2026-06-16 13:35:58] Progress: Ops=29400 | Reads=14700 (Fails=0) | Writes=14700 (Fails=0) | Success Rate=100.00% | Elapsed=955.4s
[2026-06-16 13:36:06] Progress: Ops=29600 | Reads=14800 (Fails=0) | Writes=14800 (Fails=0) | Success Rate=100.00% | Elapsed=962.5s
[2026-06-16 13:36:13] Progress: Ops=29800 | Reads=14900 (Fails=0) | Writes=14900 (Fails=0) | Success Rate=100.00% | Elapsed=969.6s
[2026-06-16 13:36:21] Progress: Ops=30000 | Reads=15000 (Fails=0) | Writes=15000 (Fails=0) | Success Rate=100.00% | Elapsed=977.5s
[2026-06-16 13:36:28] Progress: Ops=30200 | Reads=15100 (Fails=0) | Writes=15100 (Fails=0) | Success Rate=100.00% | Elapsed=984.7s
[2026-06-16 13:36:35] Progress: Ops=30400 | Reads=15200 (Fails=0) | Writes=15200 (Fails=0) | Success Rate=100.00% | Elapsed=991.8s
[2026-06-16 13:36:42] Progress: Ops=30600 | Reads=15300 (Fails=0) | Writes=15300 (Fails=0) | Success Rate=100.00% | Elapsed=999.0s
[2026-06-16 13:36:49] Progress: Ops=30800 | Reads=15400 (Fails=0) | Writes=15400 (Fails=0) | Success Rate=100.00% | Elapsed=1006.1s
[2026-06-16 13:36:56] Progress: Ops=31000 | Reads=15500 (Fails=0) | Writes=15500 (Fails=0) | Success Rate=100.00% | Elapsed=1012.9s
[2026-06-16 13:37:02] Progress: Ops=31200 | Reads=15600 (Fails=0) | Writes=15600 (Fails=0) | Success Rate=100.00% | Elapsed=1019.3s
[2026-06-16 13:37:09] Progress: Ops=31400 | Reads=15700 (Fails=0) | Writes=15700 (Fails=0) | Success Rate=100.00% | Elapsed=1025.6s
[2026-06-16 13:37:15] Progress: Ops=31600 | Reads=15800 (Fails=0) | Writes=15800 (Fails=0) | Success Rate=100.00% | Elapsed=1031.9s
[2026-06-16 13:37:21] Progress: Ops=31800 | Reads=15900 (Fails=0) | Writes=15900 (Fails=0) | Success Rate=100.00% | Elapsed=1038.2s
[2026-06-16 13:37:28] Progress: Ops=32000 | Reads=16000 (Fails=0) | Writes=16000 (Fails=0) | Success Rate=100.00% | Elapsed=1044.6s
[2026-06-16 13:37:34] Progress: Ops=32200 | Reads=16100 (Fails=0) | Writes=16100 (Fails=0) | Success Rate=100.00% | Elapsed=1050.8s
[2026-06-16 13:37:41] Progress: Ops=32400 | Reads=16200 (Fails=0) | Writes=16200 (Fails=0) | Success Rate=100.00% | Elapsed=1058.2s
[2026-06-16 13:37:48] Progress: Ops=32600 | Reads=16300 (Fails=0) | Writes=16300 (Fails=0) | Success Rate=100.00% | Elapsed=1064.7s
[2026-06-16 13:37:54] Progress: Ops=32800 | Reads=16400 (Fails=0) | Writes=16400 (Fails=0) | Success Rate=100.00% | Elapsed=1070.9s
[2026-06-16 13:38:01] Progress: Ops=33000 | Reads=16500 (Fails=0) | Writes=16500 (Fails=0) | Success Rate=100.00% | Elapsed=1078.0s
[2026-06-16 13:38:08] Progress: Ops=33200 | Reads=16600 (Fails=0) | Writes=16600 (Fails=0) | Success Rate=100.00% | Elapsed=1085.1s
[2026-06-16 13:38:15] Progress: Ops=33400 | Reads=16700 (Fails=0) | Writes=16700 (Fails=0) | Success Rate=100.00% | Elapsed=1091.7s
[2026-06-16 13:38:22] Progress: Ops=33600 | Reads=16800 (Fails=0) | Writes=16800 (Fails=0) | Success Rate=100.00% | Elapsed=1098.7s
[2026-06-16 13:38:29] Progress: Ops=33800 | Reads=16900 (Fails=0) | Writes=16900 (Fails=0) | Success Rate=100.00% | Elapsed=1105.6s
[2026-06-16 13:38:35] Progress: Ops=34000 | Reads=17000 (Fails=0) | Writes=17000 (Fails=0) | Success Rate=100.00% | Elapsed=1112.3s
[2026-06-16 13:38:42] Progress: Ops=34200 | Reads=17100 (Fails=0) | Writes=17100 (Fails=0) | Success Rate=100.00% | Elapsed=1118.9s
[2026-06-16 13:38:48] Progress: Ops=34400 | Reads=17200 (Fails=0) | Writes=17200 (Fails=0) | Success Rate=100.00% | Elapsed=1125.4s
[2026-06-16 13:38:55] Progress: Ops=34600 | Reads=17300 (Fails=0) | Writes=17300 (Fails=0) | Success Rate=100.00% | Elapsed=1131.8s
[2026-06-16 13:39:01] Progress: Ops=34800 | Reads=17400 (Fails=0) | Writes=17400 (Fails=0) | Success Rate=100.00% | Elapsed=1138.1s
[2026-06-16 13:39:08] Progress: Ops=35000 | Reads=17500 (Fails=0) | Writes=17500 (Fails=0) | Success Rate=100.00% | Elapsed=1144.5s
[2026-06-16 13:39:14] Progress: Ops=35200 | Reads=17600 (Fails=0) | Writes=17600 (Fails=0) | Success Rate=100.00% | Elapsed=1150.8s
[2026-06-16 13:39:20] Progress: Ops=35400 | Reads=17700 (Fails=0) | Writes=17700 (Fails=0) | Success Rate=100.00% | Elapsed=1157.1s
[2026-06-16 13:39:27] Progress: Ops=35600 | Reads=17800 (Fails=0) | Writes=17800 (Fails=0) | Success Rate=100.00% | Elapsed=1163.5s
[2026-06-16 13:39:33] Progress: Ops=35800 | Reads=17900 (Fails=0) | Writes=17900 (Fails=0) | Success Rate=100.00% | Elapsed=1169.8s
[2026-06-16 13:39:39] Progress: Ops=36000 | Reads=18000 (Fails=0) | Writes=18000 (Fails=0) | Success Rate=100.00% | Elapsed=1176.2s
[2026-06-16 13:39:46] Progress: Ops=36200 | Reads=18100 (Fails=0) | Writes=18100 (Fails=0) | Success Rate=100.00% | Elapsed=1182.5s
[2026-06-16 13:39:52] Progress: Ops=36400 | Reads=18200 (Fails=0) | Writes=18200 (Fails=0) | Success Rate=100.00% | Elapsed=1188.9s
[2026-06-16 13:39:58] Progress: Ops=36600 | Reads=18300 (Fails=0) | Writes=18300 (Fails=0) | Success Rate=100.00% | Elapsed=1195.2s
[2026-06-16 13:40:05] Progress: Ops=36800 | Reads=18400 (Fails=0) | Writes=18400 (Fails=0) | Success Rate=100.00% | Elapsed=1201.6s
[2026-06-16 13:40:11] Progress: Ops=37000 | Reads=18500 (Fails=0) | Writes=18500 (Fails=0) | Success Rate=100.00% | Elapsed=1207.9s
[2026-06-16 13:40:17] Progress: Ops=37200 | Reads=18600 (Fails=0) | Writes=18600 (Fails=0) | Success Rate=100.00% | Elapsed=1214.1s
[2026-06-16 13:40:24] Progress: Ops=37400 | Reads=18700 (Fails=0) | Writes=18700 (Fails=0) | Success Rate=100.00% | Elapsed=1220.5s
[2026-06-16 13:40:30] Progress: Ops=37600 | Reads=18800 (Fails=0) | Writes=18800 (Fails=0) | Success Rate=100.00% | Elapsed=1226.6s
[2026-06-16 13:40:36] Progress: Ops=37800 | Reads=18900 (Fails=0) | Writes=18900 (Fails=0) | Success Rate=100.00% | Elapsed=1232.7s
[2026-06-16 13:40:42] Progress: Ops=38000 | Reads=19000 (Fails=0) | Writes=19000 (Fails=0) | Success Rate=100.00% | Elapsed=1239.1s
[2026-06-16 13:40:49] Progress: Ops=38200 | Reads=19100 (Fails=0) | Writes=19100 (Fails=0) | Success Rate=100.00% | Elapsed=1245.5s
[2026-06-16 13:40:55] Progress: Ops=38400 | Reads=19200 (Fails=0) | Writes=19200 (Fails=0) | Success Rate=100.00% | Elapsed=1251.7s
[2026-06-16 13:41:01] Progress: Ops=38600 | Reads=19300 (Fails=0) | Writes=19300 (Fails=0) | Success Rate=100.00% | Elapsed=1257.9s
[2026-06-16 13:41:07] Progress: Ops=38800 | Reads=19400 (Fails=0) | Writes=19400 (Fails=0) | Success Rate=100.00% | Elapsed=1264.1s
[2026-06-16 13:41:13] Progress: Ops=39000 | Reads=19500 (Fails=0) | Writes=19500 (Fails=0) | Success Rate=100.00% | Elapsed=1270.2s
[2026-06-16 13:41:20] Progress: Ops=39200 | Reads=19600 (Fails=0) | Writes=19600 (Fails=0) | Success Rate=100.00% | Elapsed=1276.4s
[2026-06-16 13:41:23] Stop file detected. Exiting loop...
[2026-06-16 13:41:23] === Simulation Finished ===
[2026-06-16 13:41:23] Total Operations: 39308
[2026-06-16 13:41:23] Failed Operations: 0
[2026-06-16 13:41:23] Overall Success Rate: 100.0000%
[2026-06-16 13:41:23] Time Elapsed: 1279.79 seconds
